<?xml version="1.0" encoding="UTF-8"?>
<testng-results skipped="0" failed="0" total="1" passed="1">
  <reporter-output>
  </reporter-output>
  <suite name="Default suite" duration-ms="7312" started-at="2016-12-29T10:41:43Z" finished-at="2016-12-29T10:41:50Z">
    <groups>
    </groups>
    <test name="Default test" duration-ms="7312" started-at="2016-12-29T10:41:43Z" finished-at="2016-12-29T10:41:50Z">
      <class name="package1.facebook">
        <test-method status="PASS" signature="test()[pri:0, instance:package1.facebook@2c24d0d0]" name="test" duration-ms="7290" started-at="2016-12-29T16:11:43Z" finished-at="2016-12-29T16:11:50Z">
          <reporter-output>
          </reporter-output>
        </test-method> <!-- test -->
      </class> <!-- package1.facebook -->
    </test> <!-- Default test -->
  </suite> <!-- Default suite -->
</testng-results>
